<?xml version="1.0" encoding="UTF-8"?>
<!-- Generated by org.testng.reporters.JUnitReportReporter -->
<testsuite skipped="0" hostname="Swara" name="com.softwaretestingboard.magento.AppTest" tests="1" failures="0" timestamp="2023-04-30T12:29:24 BST" time="0.002" errors="0">
  <testcase name="testApp" time="0.002" classname="com.softwaretestingboard.magento.AppTest"/>
  <system-out/>
</testsuite> <!-- com.softwaretestingboard.magento.AppTest -->
